<?xml version="1.0" encoding="UTF-8"?>
<!-- Generated by org.testng.reporters.JUnitXMLReporter -->
<testsuite hostname="DESKTOP-8DUI1RP" ignored="0" name="Command line test" tests="6" failures="0" timestamp="19 Aug 2019 09:57:32 GMT" time="0.111" errors="0">
  <testcase name="IOSApps" time="0.009" classname="qaclickacademy.AppiumTest"/>
  <testcase name="NativeAPpAndroid" time="0.0" classname="qaclickacademy.AppiumTest"/>
  <testcase name="deleteTwitter" time="0.003" classname="qaclickacademy.RESTAPITest"/>
  <testcase name="postJira" time="0.002" classname="qaclickacademy.RESTAPITest"/>
  <testcase name="BrowserAUtomation" time="0.001" classname="qaclickacademy.SeleniumTest"/>
  <testcase name="elementsUi" time="0.005" classname="qaclickacademy.SeleniumTest"/>
</testsuite> <!-- Command line test -->
